               .deffile adi_defs__1.asm
               .deffile ddi_defs__1.asm
               .deffile reg_defs__1.asm
               .deffile sce_defs__1.asm

               ; Number of supported tasks
               .define TASK_COUNT      2

               ; Sensor Controller clock frequency in active mode
               .define ACTIVE_MODE_SCE_CLK_FREQ_MHZ    2

               ; Resource-specified definitions, if any
               .define AUXIO_I2C_SCL           14
               .define AUXIO_I2C_SDA           13
               .define I2C_BASE_DELAY          9
               .define I2C_EXT_DELAY           4
               .define I2C_STRETCH_TIMEOUT_US  10
               .define I2C_WAIT_STRETCH_DELAY  5


               .segment begin "Framework"


               VectorTable:
                                       ; SW 0
0000 ---- 140e                         jsr         PowerUp
0001 ---- 0417                         jmp         TaskCtrlReqVector
                                       ; SW 1
0002 ---- 140e                         jsr         PowerUp
0003 ---- 0440                         jmp         EventManTrigVector
                                       ; PROG 0
0004 ---- 140e                         jsr         PowerUp
0005 ---- 044a                         jmp         AonRtcCh2Vector
                                       ; PROG 1
0006 ---- 140e                         jsr         PowerUp
0007 ---- 0467                         jmp         Event0Vector
                                       ; PROG 2
0008 ---- 140e                         jsr         PowerUp
0009 ---- 0470                         jmp         Event1Vector
                                       ; PROG 3
000a ---- 140e                         jsr         PowerUp
000b ---- 0479                         jmp         Event2Vector
                                       ; SW 2
000c ---- 140e                         jsr         PowerUp
000d ---- 0482                         jmp         TaskAlertAckVector




               PowerUp:
                                       ; Make sure that the last operation mode request has taken effect
000e ---- 8953                         in          R0, [#IOP_SYSIF_OPMODEREQ]
000f ---- 9954 /waitForOpmodeSync:     in          R1, [#IOP_SYSIF_OPMODEACK]
0010 ---- 8d29                         cmp         R0, R1
0011 ---- befd                         bneq        /waitForOpmodeSync

                                       ; Deassert the power-down request
0012 ---- 4553                         iobclr      #IOB_SYSIF_OPMODE_PD, [#IOP_SYSIF_OPMODEREQ]

                                       ; Wait for it to take effect
0013 ---- 2554 /waitForOpmodeAck:      iobtst      #IOB_SYSIF_OPMODE_PD, [#IOP_SYSIF_OPMODEACK]
0014 ---- aefe                         biob1       /waitForOpmodeAck

                                       ; Prevent wake-up events from propagating to the AON domain
0015 ---- 445c                         iobclr      #0, [#IOP_SYSIF_WUGATE]

               FwEmptyFunc:            ; Done
0016 ---- adb7                         rts




               TaskCtrlReqVector:
                                       ; Clear wake-up event
0017 ---- 745b                         iobset      #IOB_SYSIF_WUFLAGS_SW_WU0, [#IOP_SYSIF_WUFLAGSCLR]
0018 ---- 545b                         iobclr      #IOB_SYSIF_WUFLAGS_SW_WU0, [#IOP_SYSIF_WUFLAGSCLR]

                                       ; For each task ...
0019 ---- 7000                         ld          R7, #0
               /loop:
                                           ; Save the task ID
001a ---- 7cb2                             st          R7, [#fwCtrlInt/taskId]

                                           ; Handle initialize request, if any
001b ---- 68bb                             ld          R6, [#fwCtrlExt/bvTaskInitializeReq]
001c ---- 00a8                             ld          R0, #pFwTaskInitializeFuncTable
001d ---- 1439                             jsr         /handleReq

                                           ; Handle execute request, if any
001e ---- 68bc                             ld          R6, [#fwCtrlExt/bvTaskExecuteReq]
001f ---- 00aa                             ld          R0, #pFwTaskExecuteFuncTable
0020 ---- 1439                             jsr         /handleReq

                                           ; Handle terminate request, if any
0021 ---- 68bd                             ld          R6, [#fwCtrlExt/bvTaskTerminateReq]
0022 ---- 00ac                             ld          R0, #pFwTaskTerminateFuncTable
0023 ---- 1439                             jsr         /handleReq

                                           ; Move on to the next task
0024 ---- 78b2                             ld          R7, [#fwCtrlInt/taskId]
0025 ---- f801                             add         R7, #1

0026 ---- fa02                         cmp         R7, #TASK_COUNT
0027 ---- bef2                         bneq        /loop

                                       ; Update which tasks are ...
0028 ---- 78b9                         ld          R7, [#fwCtrlExt/bvActiveTasks]
                                       ; ... currently active ...
0029 ---- 68bb                         ld          R6, [#fwCtrlExt/bvTaskInitializeReq]
002a ---- fd0e                         or          R7, R6
                                       ; ... and inactive ...
002b ---- 68bd                         ld          R6, [#fwCtrlExt/bvTaskTerminateReq]
002c ---- ed92                         inv         R6
002d ---- fd06                         and         R7, R6
002e ---- 7cb9                         st          R7, [#fwCtrlExt/bvActiveTasks]

                                       ; Has the run-time logging application requested locked struct access?
002f ---- 78b8                         ld          R7, [#fwCtrlInt/rtlStructLockReq]
0030 ---- fa01                         cmp         R7, #1
0031 ---- be05                         bneq        /noRtlStructWriteReq

                                           ; Signalize that we're ready
0032 ---- 7002                             ld          R7, #2
0033 ---- 7cb8                             st          R7, [#fwCtrlInt/rtlStructLockReq]

               /waitRtlStructWriteLoop:    ; Wait until the run-time logging application is done
0034 ---- 78b8                             ld          R7, [#fwCtrlInt/rtlStructLockReq]
0035 ---- fa00                             cmp         R7, #0
0036 ---- befd                             bneq        /waitRtlStructWriteLoop
               /noRtlStructWriteReq:
                                       ; We're READY for another request
0037 ---- 6440                         iobset      #IOB_EVCTL_SWEV_READY, [#IOP_EVCTL_SWEVSET]

                                       ; Generate an ALERT interrupt (if requested) and return to sleep
0038 ---- 0487                         jmp         PowerDownSequence;

               /handleReq:
                                       ; Restore the task ID, and load the function pointer (here to avoid pipeline hazard)
0039 ---- 78b2                         ld          R7, [#fwCtrlInt/taskId]
003a ---- 8f1f                         ld          R0, [R7+R0]

                                       ; Skip this request?
003b ---- ed8f                         lsr         R6, R7
003c ---- ec01                         tst         R6, #0x0001
003d ---- be01                         bnz         /noSkip
003e ---- adb7                             rts
               /noSkip:
                                       ; Make the call by jump, with return (rts) in the "called" function
003f ---- 8db7                         jmp         R0




               EventManTrigVector:
                                       ; Clear wake-up event
0040 ---- 755b                         iobset      #IOB_SYSIF_WUFLAGS_SW_WU1, [#IOP_SYSIF_WUFLAGSCLR]
0041 ---- 555b                         iobclr      #IOB_SYSIF_WUFLAGS_SW_WU1, [#IOP_SYSIF_WUFLAGSCLR]

                                       ; Reconfigure the programmable wake-up, and trigger it
0042 ---- 78b7                         ld          R7, [#fwCtrlInt/progwucfgManTrigReg]
0043 ---- 60bf                         ld          R6, #(BV_SYSIF_PROGWUCFG_POL | SYSIF_PROGWUCFG_SRC_NO_EVENT)
0044 ---- ef27                         out         R6, [R7]
0045 ---- e240                         or          R6, #BV_SYSIF_PROGWUCFG_EN
0046 ---- ef27                         out         R6, [R7]

                                       ; Indicate completion
0047 ---- 7000                         ld          R7, #0x0000
0048 ---- 7cb7                         st          R7, [#fwCtrlInt/progwucfgManTrigReg]

                                       ; Generate an ALERT interrupt (if requested) and return to sleep
0049 ---- 0487                         jmp         PowerDownSequence;




               AonRtcCh2Vector:
                                       ; Start clearing the RTC event
004a ---- 6477                         iobset      #0, [#IOP_SYSIF_RTCEVCLR]

                                       ; For each task (R0 is the current task ID) ...
004b ---- 0000                         ld          R0, #0
               /loop:
                                           ; ... that is active ...
004c ---- 18b9                             ld          R1, [#fwCtrlExt/bvActiveTasks]
004d ---- 9d88                             lsr         R1, R0
004e ---- 9c01                             tst         R1, #0x0001
004f ---- b60e                             bz          /skip

                                               ; Fetch number of RTC intervals until next execution
0050 ---- 10a6                                 ld          R1, #pFwTaskExecuteScheduleTable
0051 ---- af19                                 ld          R2, [R1+R0]

                                               ; If not already 0, decrement and store. If then 0 ...
0052 ---- aa00                                 cmp         R2, #0
0053 ---- b60a                                 beq         /skip
0054 ---- a8ff                                 add         R2, #-1
0055 ---- af39                                 st          R2, [R1+R0]
0056 ---- be07                                 bnz         /skip

                                                   ; ... execute the task
0057 ---- 0cb2                                     st          R0, [#fwCtrlInt/taskId]
0058 8600 88aa                                     add         R0, #pFwTaskExecuteFuncTable
005a ---- 8f08                                     ld          R0, [R0]
                                                   ; Insert NOP to avoid pipeline hazard
005b ---- fd47                                     nop
005c ---- 9db7                                     jsr         R0
005d ---- 08b2                                     ld          R0, [#fwCtrlInt/taskId]
               /skip:
                                           ; Move on to the next task
005e ---- 8801                             add         R0, #1

005f ---- 8a02                         cmp         R0, #TASK_COUNT
0060 ---- beeb                         bneq        /loop

                                       ; Wait for the RTC CH2 event clearing to finish
0061 ---- 254f /waitOnRtcEvClr:        iobtst      #IOB_EVCTL_EVSTAT2L_AON_RTC_CH2, [#IOP_EVCTL_EVSTAT2L]
0062 ---- aefe                         biob1       /waitOnRtcEvClr

                                       ; Clear event edge detector
0063 ---- 645b                         iobset      #IOB_SYSIF_WUFLAGS_PROG_WU0, [#IOP_SYSIF_WUFLAGSCLR]
0064 ---- 445b                         iobclr      #IOB_SYSIF_WUFLAGS_PROG_WU0, [#IOP_SYSIF_WUFLAGSCLR]

                                       ; End clearing the RTC event
0065 ---- 4477                         iobclr      #0, [#IOP_SYSIF_RTCEVCLR]

                                       ; Generate an ALERT interrupt (if requested) and return to sleep
0066 ---- 0487                         jmp         PowerDownSequence;




               Event0Vector:
                                       ; Disable and clear wake-up event
0067 ---- 5656                         iobclr      #IOB_SYSIF_PROGWUCFG_EN,        [#IOP_SYSIF_PROGWU1CFG] ; Disable source
0068 ---- 655b                         iobset      #IOB_SYSIF_WUFLAGS_PROG_WU1,    [#IOP_SYSIF_WUFLAGSCLR] ; Clear edge detector
0069 ---- 455b                         iobclr      #IOB_SYSIF_WUFLAGS_PROG_WU1,    [#IOP_SYSIF_WUFLAGSCLR]

                                       ; Set the task ID and active event index
006a ---- 0000                         ld          R0, #0
006b ---- 0cb2                         st          R0, [#fwCtrlInt/taskId]
006c ---- 0001                         ld          R0, #(1 << 0)
006d ---- 0cb3                         st          R0, [#fwCtrlInt/bvActiveEvent]

                                       ; Jump to the event task code
006e ---- 14e7                         jsr         i2cLightSensor/event0

                                       ; Generate an ALERT interrupt (if requested) and return to sleep
006f ---- 0487                         jmp         PowerDownSequence;




               Event1Vector:
                                       ; Disable and clear wake-up event
0070 ---- 5657                         iobclr      #IOB_SYSIF_PROGWUCFG_EN,        [#IOP_SYSIF_PROGWU2CFG] ; Disable source
0071 ---- 665b                         iobset      #IOB_SYSIF_WUFLAGS_PROG_WU2,    [#IOP_SYSIF_WUFLAGSCLR] ; Clear edge detector
0072 ---- 465b                         iobclr      #IOB_SYSIF_WUFLAGS_PROG_WU2,    [#IOP_SYSIF_WUFLAGSCLR]

                                       ; Set the task ID and active event index
0073 ---- 0001                         ld          R0, #1
0074 ---- 0cb2                         st          R0, [#fwCtrlInt/taskId]
0075 ---- 0002                         ld          R0, #(1 << 1)
0076 ---- 0cb3                         st          R0, [#fwCtrlInt/bvActiveEvent]

                                       ; Jump to the event task code
0077 ---- 1581                         jsr         i2cTempAndHumiditySensor/event0

                                       ; Generate an ALERT interrupt (if requested) and return to sleep
0078 ---- 0487                         jmp         PowerDownSequence;




               Event2Vector:
                                       ; Disable and clear wake-up event
0079 ---- 5658                         iobclr      #IOB_SYSIF_PROGWUCFG_EN,        [#IOP_SYSIF_PROGWU3CFG] ; Disable source
007a ---- 675b                         iobset      #IOB_SYSIF_WUFLAGS_PROG_WU3,    [#IOP_SYSIF_WUFLAGSCLR] ; Clear edge detector
007b ---- 475b                         iobclr      #IOB_SYSIF_WUFLAGS_PROG_WU3,    [#IOP_SYSIF_WUFLAGSCLR]

                                       ; Set the task ID and active event index
007c ---- 0001                         ld          R0, #1
007d ---- 0cb2                         st          R0, [#fwCtrlInt/taskId]
007e ---- 0004                         ld          R0, #(1 << 2)
007f ---- 0cb3                         st          R0, [#fwCtrlInt/bvActiveEvent]

                                       ; Jump to the event task code
0080 ---- 1581                         jsr         i2cTempAndHumiditySensor/event0

                                       ; Generate an ALERT interrupt (if requested) and return to sleep
0081 ---- 0487                         jmp         PowerDownSequence;




               TaskAlertAckVector:
                                       ; Clear wake-up event
0082 ---- 765b                         iobset      #IOB_SYSIF_WUFLAGS_SW_WU2, [#IOP_SYSIF_WUFLAGSCLR]
0083 ---- 565b                         iobclr      #IOB_SYSIF_WUFLAGS_SW_WU2, [#IOP_SYSIF_WUFLAGSCLR]

                                       ; Re-enable generation of ALERT interrupts
0084 86ff 03ff                         ld          R0, #0xFFFF
0086 ---- 0cb5                         st          R0, [#fwCtrlInt/alertGenMask]

                                       ; Generate an ALERT interrupt (if requested) and return to sleep
                                       ; -> Fall through




               PowerDownSequence:
                                       ; Let wake-up events propagate to the AON domain
0087 ---- 645c                         iobset      #0, [#IOP_SYSIF_WUGATE]

                                       ; Do we have any ALERT-generating flags pending?
0088 ---- 78b4                         ld          R7, [#fwCtrlInt/bvTaskIoAlert]

                                       ; Skip if the last I/O ALERT interrupt has not been acknowledged
0089 ---- 68b5                         ld          R6, [#fwCtrlInt/alertGenMask]
008a ---- ed37                         tst         R6, R7
008b ---- b605                         bz          /skipAlertGen

                                           ; Transfer I/O flags from internal to external
008c ---- 0000                             ld          R0, #0
008d ---- 0cb4                             st          R0, [#fwCtrlInt/bvTaskIoAlert]
008e ---- 7cba                             st          R7, [#fwCtrlExt/bvTaskIoAlert]

                                           ; Generate the ALERT interrupt, and clear the generation mask
008f ---- 6540                             iobset      #IOB_EVCTL_SWEV_ALERT, [#IOP_EVCTL_SWEVSET]
0090 ---- 0cb5                             st          R0, [#fwCtrlInt/alertGenMask]
               /skipAlertGen:
                                       ; Set initial power mode for next executed vector
                                       ; -> Only at initialization

                                       ; If there are no unacknowledged ALERTs and no vectors pending ...
0091 ---- 78b5                         ld          R7, [#fwCtrlInt/alertGenMask]
0092 ---- 68b6                         ld          R6, [#fwCtrlInt/alertCanPdAuxMask]
0093 ---- fd0e                         or          R7, R6
0094 ---- f801                         add         R7, #1 ; 0xFFFF -> 0x0000
0095 ---- e95a                         in          R6, [#IOP_SYSIF_WUFLAGS]
0096 ---- fd0e                         or          R7, R6
0097 ---- be01                         bnz         /noPowerDown

                                           ; Assert the power-down request
0098 ---- 6553                             iobset      #IOB_SYSIF_OPMODE_PD, [#IOP_SYSIF_OPMODEREQ]
               /noPowerDown:
                                       ; Sleep until the next event
0099 ---- bdb7 sleepInstr:             sleep




               PwrRequestAndWaitForActiveMode:
                                       ; Update Reference DAC clock divider before entering active mode
009a ---- 7000                         ld          R7, #((ACTIVE_MODE_SCE_CLK_FREQ_MHZ / 2) - 1)
009b ---- fb96                         out         R7, [#IOP_ANAIF_DACSMPLCFG0]

                                       ; Deassert the low-power request
009c ---- 4453                         iobclr      #IOB_SYSIF_OPMODE_LP, [#IOP_SYSIF_OPMODEREQ]

                                       ; Wait for it to take effect
009d ---- 2454 /waitForOpmodeAck:      iobtst      #IOB_SYSIF_OPMODE_LP, [#IOP_SYSIF_OPMODEACK]
009e ---- aefe                         biob1       /waitForOpmodeAck

                                       ; Done
009f ---- adb7                         rts




               PwrRequestAndWaitForLowPowerMode:
                                       ; Assert the low-power request
00a0 ---- 6453                         iobset      #IOB_SYSIF_OPMODE_LP, [#IOP_SYSIF_OPMODEREQ]

                                       ; Wait for it to take effect
00a1 ---- 2454 /waitForOpmodeAck:      iobtst      #IOB_SYSIF_OPMODE_LP, [#IOP_SYSIF_OPMODEACK]
00a2 ---- a6fe                         biob0       /waitForOpmodeAck

                                       ; Update Reference DAC clock divider after leaving active mode
00a3 ---- 7000                         ld          R7, #(1 - 1)
00a4 ---- fb96                         out         R7, [#IOP_ANAIF_DACSMPLCFG0]

                                       ; Done
00a5 ---- adb7                         rts




               ; RTC ticks until next execution, one word for each task
               pFwTaskExecuteScheduleTable:
00a6 ---- 0000                         dw          #0
00a7 ---- 0000                         dw          #0

               ; Task code function pointers for each task code block, one word for each task
               pFwTaskInitializeFuncTable:
00a8 ---- 00cc                         dw          #i2cLightSensor/initialize
00a9 ---- 0143                         dw          #i2cTempAndHumiditySensor/initialize
               pFwTaskExecuteFuncTable:
00aa ---- 00e5                         dw          #i2cLightSensor/execute
00ab ---- 017f                         dw          #i2cTempAndHumiditySensor/execute
               pFwTaskTerminateFuncTable:
00ac ---- 0134                         dw          #i2cLightSensor/terminate
00ad ---- 0213                         dw          #i2cTempAndHumiditySensor/terminate

               ; Run-time logging log requests and masks, one bit for each struct, one word for each task
               pRtlTaskLogReqTable:
00ae ---- 0000                         dw          #0x0000
00af ---- 0000                         dw          #0x0000
               pRtlTaskLogMaskTable:
00b0 ---- 0000                         dw          #0x0000
00b1 ---- 0000                         dw          #0x0000


               ; Internal control data
               fwCtrlInt:
00b2 ---- 0000 /taskId:                dw          #0      ; ID of the currently running task
00b3 ---- 0000 /bvActiveEvent:         dw          #0      ; Bit-vector indicating index of the currently active event trigger
00b4 ---- 0000 /bvTaskIoAlert:         dw          #0x0000 ; LSB = Normal data exchange, MSB = Overflow or underflow
00b5 ---- ffff /alertGenMask:          dw          #0xFFFF ; Can generate an ALERT interrupt now? (0xFFFF = yes, 0x0000 = no)
00b6 ---- 0000 /alertCanPdAuxMask:     dw          #0x0000 ; Can power down AUX domain after ALERT interrupt generation? (0xFFFF = yes, 0x0000 = no)
00b7 ---- 0000 /progwucfgManTrigReg:   dw          #0x0000 ; Address of PROGWUnCFG register to be triggered manually by EventManTriggerVector
00b8 ---- 0000 /rtlStructLockReq:      dw          #0x0000 ; Run-time logging struct lock request (0=idle -> 1=requested -> 2=ready -> access -> 0=idle)

               ; External control data, shared with the driver
               fwCtrlExt:
00b9 ---- 0000 /bvActiveTasks:         dw          #0x0000 ; Indicates which tasks are currently active
00ba ---- 0000 /bvTaskIoAlert:         dw          #0x0000 ; LSB = Normal data exchange, MSB = Overflow or underflow
00bb ---- 0000 /bvTaskInitializeReq:   dw          #0x0000 ; Requests tasks to start
00bc ---- 0000 /bvTaskExecuteReq:      dw          #0x0000 ; Requests tasks to execute once immediately
00bd ---- 0000 /bvTaskTerminateReq:    dw          #0x0000 ; Requests tasks to stop


               .segment end "Framework"


               fwTaskDataStructures:
               .segment begin "Task: I2C Light Sensor"
               i2cLightSensor/cfg:
               i2cLightSensor/cfg/highThreshold:
00be ---- ffff                         dw          #65535
               i2cLightSensor/cfg/lowThreshold:
00bf ---- 0000                         dw          #0
               i2cLightSensor/input:
               i2cLightSensor/output:
               i2cLightSensor/output/value:
00c0 ---- 0000                         dw          #0
               i2cLightSensor/state:
               i2cLightSensor/state/i2cStatus:
00c1 ---- 0000                         dw          #0
               i2cLightSensor/state/state:
00c2 ---- 0000                         dw          #0
               .segment end "Task: I2C Light Sensor"
               .segment begin "Task: I2C Temp and Humidity Sensor"
               i2cTempAndHumiditySensor/cfg:
               i2cTempAndHumiditySensor/cfg/humChangeThr:
00c3 ---- 0000                         dw          #0
               i2cTempAndHumiditySensor/cfg/tempChangeThr:
00c4 ---- 0000                         dw          #0
               i2cTempAndHumiditySensor/input:
               i2cTempAndHumiditySensor/output:
               i2cTempAndHumiditySensor/output/bvReport:
00c5 ---- 0000                         dw          #0
               i2cTempAndHumiditySensor/output/hum:
00c6 ---- 0000                         dw          #0
               i2cTempAndHumiditySensor/output/pHumLog:
00c7 ---- 0000                         dw          #0
               i2cTempAndHumiditySensor/output/pTempLog:
00c8 ---- 0000                         dw          #0
               i2cTempAndHumiditySensor/output/temp:
00c9 ---- 0000                         dw          #0
               i2cTempAndHumiditySensor/state:
               i2cTempAndHumiditySensor/state/i2cStatus:
00ca ---- 0000                         dw          #0
               i2cTempAndHumiditySensor/state/logPos:
00cb ---- 0000                         dw          #0
               .segment end "Task: I2C Temp and Humidity Sensor"


               .segment begin "Task: I2C Light Sensor"
               i2cLightSensor/initialize:
                                       ; Start in low_power mode
00cc ---- 14a0                         jsr         PwrRequestAndWaitForLowPowerMode

               ;? // Configure and start the next measurement
               ;? i2cDeviceWriteReg16MsbFirst(ALS_I2C_ADDR, ALS_REG_CFG, ALS_CFG_ONE_SHOT);
00cd ---- 5001                         ld          R5, #1
00ce 86c2 4210                         ld          R4, #-15856
00d0 ---- 68c1                         ld          R6, [#i2cLightSensor/state/i2cStatus]
00d1 ---- 70d5                         ld          R7, #/id0049
00d2 ---- 7e28                         st          R7, [#i2cDeviceCommonReturn]
00d3 ---- 7088                         ld          R7, #(136 | 0)
00d4 ---- 0629                         jmp         I2cDeviceWriteReg16MsbFirst
               /id0049:
00d5 ---- 0a25                         ld          R0, [#i2cDeviceCommonBackupR0]
00d6 ---- 6cc1                         st          R6, [#i2cLightSensor/state/i2cStatus]
               ;?
               ;? // Read the result after ~100 milliseconds + a 20% margin
               ;? evhSetupTimer1Trigger(0, 120, 2);
00d7 ---- 0078                         ld          R0, #120
00d8 ---- 8b82                         out         R0, [#IOP_TIMER01_T1TARGET]
00d9 8623 0322                         ld          R0, #(((2 << IOB_TIMER01_TXCFG_PRE) | TIMER01_TXCFG_TICK_SRC_AON_RTC_4KHZ) | BV_TIMER01_TXCFG_MODE_TICK)
00db ---- 8b7e                         out         R0, [#IOP_TIMER01_T1CFG]
00dc ---- 0035                         ld          R0, #SYSIF_PROGWUCFG_SRC_AUX_TIMER1_EV
00dd ---- 8b56                         out         R0, [#((IOP_SYSIF_PROGWU1CFG + 0) + 0)]
00de ---- 655b                         iobset      #((IOB_SYSIF_WUFLAGS_PROG_WU1 + 0) + 0), [#IOP_SYSIF_WUFLAGSCLR]
00df ---- 455b                         iobclr      #((IOB_SYSIF_WUFLAGS_PROG_WU1 + 0) + 0), [#IOP_SYSIF_WUFLAGSCLR]
00e0 ---- 7656                         iobset      #IOB_SYSIF_PROGWUCFG_EN, [#((IOP_SYSIF_PROGWU1CFG + 0) + 0)]
00e1 ---- 6480                         iobset      #0, [#IOP_TIMER01_T1CTL]
               ;?
               ;? state.state = 1;
00e2 ---- 0001                         ld          R0, #1
00e3 ---- 0cc2                         st          R0, [#i2cLightSensor/state/state]
               i2cLightSensor/initializeDone:
00e4 ---- adb7                         rts




               i2cLightSensor/execute:
                                       ; Start in low_power mode
00e5 ---- 14a0                         jsr         PwrRequestAndWaitForLowPowerMode

               ;?
               i2cLightSensor/executeDone:
00e6 ---- adb7                         rts




               i2cLightSensor/event0:
                                       ; Start in low_power mode
00e7 ---- 14a0                         jsr         PwrRequestAndWaitForLowPowerMode

               ;? // Cancel both event triggers
               ;? evhCancelTrigger(0);
00e8 ---- 5656                         iobclr      #IOB_SYSIF_PROGWUCFG_EN, [#((IOP_SYSIF_PROGWU1CFG + 0) + 0)]
00e9 ---- 655b                         iobset      #((IOB_SYSIF_WUFLAGS_PROG_WU1 + 0) + 0), [#IOP_SYSIF_WUFLAGSCLR]
00ea ---- 455b                         iobclr      #((IOB_SYSIF_WUFLAGS_PROG_WU1 + 0) + 0), [#IOP_SYSIF_WUFLAGSCLR]
               ;?
               ;? if(state.state == 0){
00eb ---- 08c2                         ld          R0, [#i2cLightSensor/state/state]
00ec ---- 8a00                         cmp         R0, #0
00ed ---- be18                         bneq        /id0059
               ;?     // Configure and start the next measurement
               ;?     i2cDeviceWriteReg16MsbFirst(ALS_I2C_ADDR, ALS_REG_CFG, ALS_CFG_ONE_SHOT);
00ee ---- 5001                             ld          R5, #1
00ef 86c2 4210                             ld          R4, #-15856
00f1 ---- 68c1                             ld          R6, [#i2cLightSensor/state/i2cStatus]
00f2 ---- 70f6                             ld          R7, #/id0062
00f3 ---- 7e28                             st          R7, [#i2cDeviceCommonReturn]
00f4 ---- 7088                             ld          R7, #(136 | 0)
00f5 ---- 0629                             jmp         I2cDeviceWriteReg16MsbFirst
               /id0062:
00f6 ---- 0a25                             ld          R0, [#i2cDeviceCommonBackupR0]
00f7 ---- 6cc1                             st          R6, [#i2cLightSensor/state/i2cStatus]
               ;?     state.state = 1;
00f8 ---- 0001                             ld          R0, #1
00f9 ---- 0cc2                             st          R0, [#i2cLightSensor/state/state]
               ;?
               ;?     // Read the result after ~100 milliseconds + a 20% margin
               ;?     evhSetupTimer1Trigger(0, 120, 2);
00fa ---- 0078                             ld          R0, #120
00fb ---- 8b82                             out         R0, [#IOP_TIMER01_T1TARGET]
00fc 8623 0322                             ld          R0, #(((2 << IOB_TIMER01_TXCFG_PRE) | TIMER01_TXCFG_TICK_SRC_AON_RTC_4KHZ) | BV_TIMER01_TXCFG_MODE_TICK)
00fe ---- 8b7e                             out         R0, [#IOP_TIMER01_T1CFG]
00ff ---- 0035                             ld          R0, #SYSIF_PROGWUCFG_SRC_AUX_TIMER1_EV
0100 ---- 8b56                             out         R0, [#((IOP_SYSIF_PROGWU1CFG + 0) + 0)]
0101 ---- 655b                             iobset      #((IOB_SYSIF_WUFLAGS_PROG_WU1 + 0) + 0), [#IOP_SYSIF_WUFLAGSCLR]
0102 ---- 455b                             iobclr      #((IOB_SYSIF_WUFLAGS_PROG_WU1 + 0) + 0), [#IOP_SYSIF_WUFLAGSCLR]
0103 ---- 7656                             iobset      #IOB_SYSIF_PROGWUCFG_EN, [#((IOP_SYSIF_PROGWU1CFG + 0) + 0)]
0104 ---- 6480                             iobset      #0, [#IOP_TIMER01_T1CTL]
               ;? }else{
0105 ---- 0533                         jmp         /id0061
               /id0059:
               ;?     // If a measurement was successfully started during the last execution ...
               ;?     if (state.i2cStatus == 0x0000) {
0106 ---- 08c1                             ld          R0, [#i2cLightSensor/state/i2cStatus]
0107 ---- 8a00                             cmp         R0, #0
0108 ---- be10                             bneq        /id0071
               ;?
               ;?         // Select the result register
               ;?         U16 result;
               ;?         i2cDeviceReadReg16MsbFirst(ALS_I2C_ADDR, ALS_REG_RESULT; result);
0109 ---- 5000                                 ld          R5, #0
010a ---- 68c1                                 ld          R6, [#i2cLightSensor/state/i2cStatus]
010b ---- 710f                                 ld          R7, #/id0074
010c ---- 7e28                                 st          R7, [#i2cDeviceCommonReturn]
010d ---- 7088                                 ld          R7, #(136 | 0)
010e ---- 067e                                 jmp         I2cDeviceReadReg16MsbFirst
               /id0074:
010f ---- 0a25                                 ld          R0, [#i2cDeviceCommonBackupR0]
0110 ---- 6cc1                                 st          R6, [#i2cLightSensor/state/i2cStatus]
               ;?
               ;?         // If successful ...
               ;?         if (state.i2cStatus == 0x0000) {
0111 ---- 08c1                                 ld          R0, [#i2cLightSensor/state/i2cStatus]
0112 ---- 8a00                                 cmp         R0, #0
0113 ---- be02                                 bneq        /id0080
               ;?
               ;?             // Convert the result (4-bit exponent + 12-bit mantissa) into 16-bit fixed-point
               ;?             //        U16 exp = result >> 12;
               ;?             //        U16 mant = result << 4;
               ;?             // The exponent is in range 0 to 11
               ;?             //        U16 value = mant >> (11 - exp);
               ;?             output.value = result;
0114 ---- 7cc0                                     st          R7, [#i2cLightSensor/output/value]
               ;?
               ;?             // Notify the application with the result is below the low threshold or above the high threshold
               ;?             //        if (value < cfg.lowThreshold) {
               ;?             //            fwGenAlertInterrupt();
               ;?             //        }
               ;?             //        if (value > cfg.highThreshold) {
               ;?             //            fwGenAlertInterrupt();
               ;?             //        }
               ;?         } else {
0115 ---- 0518                                 jmp         /id0082
               /id0080:
               ;?             // We're using a mix of low-level and high-level I2C procedures in this example, so
               ;?             // clear errors in case the Termination Code runs next
               ;?             state.i2cStatus = 0x0000;
0116 ---- 0000                                     ld          R0, #0
0117 ---- 0cc1                                     st          R0, [#i2cLightSensor/state/i2cStatus]
               ;?         }
               /id0082:
               ;?     }else {
0118 ---- 051b                             jmp         /id0073
               /id0071:
               ;?         // We're using a mix of low-level and high-level I2C procedures in this example, so
               ;?         // clear errors in case the Termination Code runs next
               ;?         state.i2cStatus = 0x0000;
0119 ---- 0000                                 ld          R0, #0
011a ---- 0cc1                                 st          R0, [#i2cLightSensor/state/i2cStatus]
               ;?     }
               /id0073:
               ;?
               ;?     // Configure and start the next measurement
               ;?     i2cDeviceWriteReg16MsbFirst(ALS_I2C_ADDR, ALS_REG_CFG, ALS_CFG_ONE_SHOT);
011b ---- 5001                             ld          R5, #1
011c 86c2 4210                             ld          R4, #-15856
011e ---- 68c1                             ld          R6, [#i2cLightSensor/state/i2cStatus]
011f ---- 7123                             ld          R7, #/id0086
0120 ---- 7e28                             st          R7, [#i2cDeviceCommonReturn]
0121 ---- 7088                             ld          R7, #(136 | 0)
0122 ---- 0629                             jmp         I2cDeviceWriteReg16MsbFirst
               /id0086:
0123 ---- 0a25                             ld          R0, [#i2cDeviceCommonBackupR0]
0124 ---- 6cc1                             st          R6, [#i2cLightSensor/state/i2cStatus]
               ;?
               ;?     state.state = 0;
0125 ---- 0000                             ld          R0, #0
0126 ---- 0cc2                             st          R0, [#i2cLightSensor/state/state]
               ;?     // Read the result after ~1000 milliseconds + a 20% margin
               ;?     evhSetupTimer1Trigger(0, 5000, 2);
0127 8613 0388                             ld          R0, #5000
0129 ---- 8b82                             out         R0, [#IOP_TIMER01_T1TARGET]
012a 8623 0322                             ld          R0, #(((2 << IOB_TIMER01_TXCFG_PRE) | TIMER01_TXCFG_TICK_SRC_AON_RTC_4KHZ) | BV_TIMER01_TXCFG_MODE_TICK)
012c ---- 8b7e                             out         R0, [#IOP_TIMER01_T1CFG]
012d ---- 0035                             ld          R0, #SYSIF_PROGWUCFG_SRC_AUX_TIMER1_EV
012e ---- 8b56                             out         R0, [#((IOP_SYSIF_PROGWU1CFG + 0) + 0)]
012f ---- 655b                             iobset      #((IOB_SYSIF_WUFLAGS_PROG_WU1 + 0) + 0), [#IOP_SYSIF_WUFLAGSCLR]
0130 ---- 455b                             iobclr      #((IOB_SYSIF_WUFLAGS_PROG_WU1 + 0) + 0), [#IOP_SYSIF_WUFLAGSCLR]
0131 ---- 7656                             iobset      #IOB_SYSIF_PROGWUCFG_EN, [#((IOP_SYSIF_PROGWU1CFG + 0) + 0)]
0132 ---- 6480                             iobset      #0, [#IOP_TIMER01_T1CTL]
               ;?
               ;? }
               /id0061:
               i2cLightSensor/event0Done:
0133 ---- adb7                         rts




               i2cLightSensor/terminate:
                                       ; Start in low_power mode
0134 ---- 14a0                         jsr         PwrRequestAndWaitForLowPowerMode

               ;? // Shut down the light sensor
               ;? i2cDeviceWriteReg16MsbFirst(ALS_I2C_ADDR, ALS_REG_CFG, ALS_CFG_RESET);
0135 ---- 5001                         ld          R5, #1
0136 86c8 4010                         ld          R4, #-14320
0138 ---- 68c1                         ld          R6, [#i2cLightSensor/state/i2cStatus]
0139 ---- 713d                         ld          R7, #/id0095
013a ---- 7e28                         st          R7, [#i2cDeviceCommonReturn]
013b ---- 7088                         ld          R7, #(136 | 0)
013c ---- 0629                         jmp         I2cDeviceWriteReg16MsbFirst
               /id0095:
013d ---- 0a25                         ld          R0, [#i2cDeviceCommonBackupR0]
013e ---- 6cc1                         st          R6, [#i2cLightSensor/state/i2cStatus]
               ;?
               ;? // Cancel the potentially active event trigger
               ;? evhCancelTrigger(0);
013f ---- 5656                         iobclr      #IOB_SYSIF_PROGWUCFG_EN, [#((IOP_SYSIF_PROGWU1CFG + 0) + 0)]
0140 ---- 655b                         iobset      #((IOB_SYSIF_WUFLAGS_PROG_WU1 + 0) + 0), [#IOP_SYSIF_WUFLAGSCLR]
0141 ---- 455b                         iobclr      #((IOB_SYSIF_WUFLAGS_PROG_WU1 + 0) + 0), [#IOP_SYSIF_WUFLAGSCLR]
               i2cLightSensor/terminateDone:
0142 ---- adb7                         rts
               .segment end "Task: I2C Light Sensor"
               .segment begin "Task: I2C Temp and Humidity Sensor"
               i2cTempAndHumiditySensor/initialize:
                                       ; Start in low_power mode
0143 ---- 14a0                         jsr         PwrRequestAndWaitForLowPowerMode

               ;? // Perform soft reset
               ;? i2cDeviceWriteReg8(HDC_I2C_ADDR, HDC_REG_CFG_RES_INT_AMM, BV_HDC_CFG_RES_SOFT_RESET);
0144 ---- 500e                         ld          R5, #14
0145 ---- 4080                         ld          R4, #128
0146 ---- 68ca                         ld          R6, [#i2cTempAndHumiditySensor/state/i2cStatus]
0147 ---- 714b                         ld          R7, #/id0156
0148 ---- 7e28                         st          R7, [#i2cDeviceCommonReturn]
0149 ---- 7082                         ld          R7, #(130 | 0)
014a ---- 06b4                         jmp         I2cDeviceWriteReg8
               /id0156:
014b ---- 0a25                         ld          R0, [#i2cDeviceCommonBackupR0]
014c ---- 6cca                         st          R6, [#i2cTempAndHumiditySensor/state/i2cStatus]
               ;? fwDelayUs(50000);
014d 86c3 0350                         ld          R0, #-15536
014f ---- 8801                         add         R0, #1
0150 ---- 8b49                         out         R0, [#IOP_EVCTL_PROGDLY]
0151 ---- 8db1                         wev1        #WEVSEL_PROG_DLY
               ;?
               ;? // Configure:
               ;? // - 14-bit temperature and humidity
               ;? // - Autonomous sampling at 1 Hz (higher measurement frequency can cause self-heating)
               ;? // - Interrupt on data ready, interrupt pin active low
               ;? i2cDeviceWriteReg8(HDC_I2C_ADDR, HDC_REG_INT_ENABLE, BV_HDC_INT_ENABLE_DRDY);
0152 ---- 5007                         ld          R5, #7
0153 ---- 4080                         ld          R4, #128
0154 ---- 68ca                         ld          R6, [#i2cTempAndHumiditySensor/state/i2cStatus]
0155 ---- 7159                         ld          R7, #/id0163
0156 ---- 7e28                         st          R7, [#i2cDeviceCommonReturn]
0157 ---- 7082                         ld          R7, #(130 | 0)
0158 ---- 06b4                         jmp         I2cDeviceWriteReg8
               /id0163:
0159 ---- 0a25                         ld          R0, [#i2cDeviceCommonBackupR0]
015a ---- 6cca                         st          R6, [#i2cTempAndHumiditySensor/state/i2cStatus]
               ;? i2cDeviceWriteReg8(HDC_I2C_ADDR, HDC_REG_CFG_RES_INT_AMM, (BV_HDC_CFG_INT_ENABLE | BV_HDC_CFG_INT_ACTIVE_LOW) | BV_HDC_CFG_AMM_1_HZ);
015b ---- 500e                         ld          R5, #14
015c ---- 4044                         ld          R4, #68
015d ---- 68ca                         ld          R6, [#i2cTempAndHumiditySensor/state/i2cStatus]
015e ---- 7162                         ld          R7, #/id0169
015f ---- 7e28                         st          R7, [#i2cDeviceCommonReturn]
0160 ---- 7082                         ld          R7, #(130 | 0)
0161 ---- 06b4                         jmp         I2cDeviceWriteReg8
               /id0169:
0162 ---- 0a25                         ld          R0, [#i2cDeviceCommonBackupR0]
0163 ---- 6cca                         st          R6, [#i2cTempAndHumiditySensor/state/i2cStatus]
               ;? i2cDeviceWriteReg8(HDC_I2C_ADDR, HDC_REG_CFG_MEAS, (BV_HDC_CFG_MEAS_HRES_14BIT | BV_HDC_CFG_MEAS_TRES_14BIT) | (BV_HDC_CFG_MEAS_HUM_TEMP | BV_HDC_CFG_MEAS_TRIG));
0164 ---- 500f                         ld          R5, #15
0165 ---- 4001                         ld          R4, #1
0166 ---- 68ca                         ld          R6, [#i2cTempAndHumiditySensor/state/i2cStatus]
0167 ---- 716b                         ld          R7, #/id0175
0168 ---- 7e28                         st          R7, [#i2cDeviceCommonReturn]
0169 ---- 7082                         ld          R7, #(130 | 0)
016a ---- 06b4                         jmp         I2cDeviceWriteReg8
               /id0175:
016b ---- 0a25                         ld          R0, [#i2cDeviceCommonBackupR0]
016c ---- 6cca                         st          R6, [#i2cTempAndHumiditySensor/state/i2cStatus]
               ;?
               ;? // Wake on pin interrupt every 5.0 seconds, with 6.5 second timeout
               ;? evhSetupGpioTrigger(0, AUXIO_I_HDC_INT, 0, EVH_GPIO_TRIG_ON_MATCH);
016d ---- 0098                         ld          R0, #((24 + SYSIF_PROGWUCFG_SRC_AUXIO0) |((0 == 0) << IOB_SYSIF_PROGWUCFG_POL))
016e ---- 8b57                         out         R0, [#((IOP_SYSIF_PROGWU1CFG + 1) + 0)]
016f ---- 665b                         iobset      #((IOB_SYSIF_WUFLAGS_PROG_WU1 + 1) + 0), [#IOP_SYSIF_WUFLAGSCLR]
0170 ---- 465b                         iobclr      #((IOB_SYSIF_WUFLAGS_PROG_WU1 + 1) + 0), [#IOP_SYSIF_WUFLAGSCLR]
0171 ---- 7657                         iobset      #IOB_SYSIF_PROGWUCFG_EN, [#((IOP_SYSIF_PROGWU1CFG + 1) + 0)]
               ;? evhSetupTimer0Trigger(1, 7500, 2);
0172 861d 014c                         ld          R0, #7500
0174 ---- 8b81                         out         R0, [#IOP_TIMER01_T0TARGET]
0175 8623 0322                         ld          R0, #(((2 << IOB_TIMER01_TXCFG_PRE) | TIMER01_TXCFG_TICK_SRC_AON_RTC_4KHZ) | BV_TIMER01_TXCFG_MODE_TICK)
0177 ---- 8b7d                         out         R0, [#IOP_TIMER01_T0CFG]
0178 ---- 0036                         ld          R0, #SYSIF_PROGWUCFG_SRC_AUX_TIMER0_EV
0179 ---- 8b58                         out         R0, [#((IOP_SYSIF_PROGWU1CFG + 1) + 1)]
017a ---- 675b                         iobset      #((IOB_SYSIF_WUFLAGS_PROG_WU1 + 1) + 1), [#IOP_SYSIF_WUFLAGSCLR]
017b ---- 475b                         iobclr      #((IOB_SYSIF_WUFLAGS_PROG_WU1 + 1) + 1), [#IOP_SYSIF_WUFLAGSCLR]
017c ---- 7658                         iobset      #IOB_SYSIF_PROGWUCFG_EN, [#((IOP_SYSIF_PROGWU1CFG + 1) + 1)]
017d ---- 647f                         iobset      #0, [#IOP_TIMER01_T0CTL]
               i2cTempAndHumiditySensor/initializeDone:
017e ---- adb7                         rts




               i2cTempAndHumiditySensor/execute:
                                       ; Start in low_power mode
017f ---- 14a0                         jsr         PwrRequestAndWaitForLowPowerMode

               ;?
               i2cTempAndHumiditySensor/executeDone:
0180 ---- adb7                         rts




               i2cTempAndHumiditySensor/event0:
                                       ; Start in low_power mode
0181 ---- 14a0                         jsr         PwrRequestAndWaitForLowPowerMode

               ;? // Cancel both event triggers
               ;? evhCancelTrigger(0);
0182 ---- 5657                         iobclr      #IOB_SYSIF_PROGWUCFG_EN, [#((IOP_SYSIF_PROGWU1CFG + 1) + 0)]
0183 ---- 665b                         iobset      #((IOB_SYSIF_WUFLAGS_PROG_WU1 + 1) + 0), [#IOP_SYSIF_WUFLAGSCLR]
0184 ---- 465b                         iobclr      #((IOB_SYSIF_WUFLAGS_PROG_WU1 + 1) + 0), [#IOP_SYSIF_WUFLAGSCLR]
               ;? evhCancelTrigger(1);
0185 ---- 5658                         iobclr      #IOB_SYSIF_PROGWUCFG_EN, [#((IOP_SYSIF_PROGWU1CFG + 1) + 1)]
0186 ---- 675b                         iobset      #((IOB_SYSIF_WUFLAGS_PROG_WU1 + 1) + 1), [#IOP_SYSIF_WUFLAGSCLR]
0187 ---- 475b                         iobclr      #((IOB_SYSIF_WUFLAGS_PROG_WU1 + 1) + 1), [#IOP_SYSIF_WUFLAGSCLR]
               ;?
               ;? // Default is nothing to report
               ;? U16 bvReport = 0;
0188 ---- 1000                         ld          R1, #0
               ;?
               ;? // If the HDC2080 interrupt has occurred...
               ;? U16 bvActiveEventTrigger;
               ;? evhGetActiveTrigger(bvActiveEventTrigger);
0189 ---- 08b3                         ld          R0, [#fwCtrlInt/bvActiveEvent]
018a ---- 8da9                         lsr         R0, #1
               ;?
               ;? if (bvActiveEventTrigger & (1 << 0)) {
018b ---- 8c01                         tst         R0, #1
018c ---- b677                         bz          /id0197
               ;?
               ;?     // Read temperature and humidity in one operation using low-level I2C procedures, for reduced
               ;?     // current consumption. Compared to using 2 * i2cDeviceReadReg16LsbFirst(), this saves:
               ;?     // - 1 * i2cStart()
               ;?     // - 3 * i2cTx()
               ;?     // - 1 * i2cRepeatedStart()
               ;?     // - 1 * i2cStop()
               ;?     i2cStart();
018d ---- 6000                             ld          R6, #0x0000
018e ---- 163e                             jsr         I2cStart
018f ---- 6cca                             st          R6, [#i2cTempAndHumiditySensor/state/i2cStatus]
               ;?     i2cTx(HDC_I2C_ADDR | I2C_OP_WRITE);
0190 ---- 7082                             ld          R7, #130
0191 ---- 68ca                             ld          R6, [#i2cTempAndHumiditySensor/state/i2cStatus]
0192 ---- 164e                             jsr         I2cTxByte
0193 ---- 6cca                             st          R6, [#i2cTempAndHumiditySensor/state/i2cStatus]
               ;?     i2cTx(HDC_REG_TEMP_L);
0194 ---- 7000                             ld          R7, #0
0195 ---- 68ca                             ld          R6, [#i2cTempAndHumiditySensor/state/i2cStatus]
0196 ---- 164e                             jsr         I2cTxByte
0197 ---- 6cca                             st          R6, [#i2cTempAndHumiditySensor/state/i2cStatus]
               ;?
               ;?     // If successful so far ...
               ;?     if (state.i2cStatus == 0x0000) {
0198 ---- 08ca                             ld          R0, [#i2cTempAndHumiditySensor/state/i2cStatus]
0199 ---- 8a00                             cmp         R0, #0
019a ---- be5f                             bneq        /id0210
               ;?         U16 tempL;
               ;?         U16 tempH;
               ;?         U16 humL;
               ;?         U16 humH;
               ;?
               ;?         // Read temperature and humidity register values
               ;?         i2cRepeatedStart();
019b ---- 68ca                                 ld          R6, [#i2cTempAndHumiditySensor/state/i2cStatus]
019c ---- 1638                                 jsr         I2cRepeatedStart
019d ---- 6cca                                 st          R6, [#i2cTempAndHumiditySensor/state/i2cStatus]
               ;?         i2cTx(HDC_I2C_ADDR | I2C_OP_READ);
019e ---- 7083                                 ld          R7, #131
019f ---- 68ca                                 ld          R6, [#i2cTempAndHumiditySensor/state/i2cStatus]
01a0 ---- 164e                                 jsr         I2cTxByte
01a1 ---- 6cca                                 st          R6, [#i2cTempAndHumiditySensor/state/i2cStatus]
               ;?         i2cRxAck(tempL); // HDC_REG_TEMP_L
01a2 ---- 7000                                 ld          R7, #0x0000
01a3 ---- 68ca                                 ld          R6, [#i2cTempAndHumiditySensor/state/i2cStatus]
01a4 ---- 1695                                 jsr         I2cRxByte
01a5 ---- 6cca                                 st          R6, [#i2cTempAndHumiditySensor/state/i2cStatus]
01a6 ---- 8d47                                 ld          R0, R7
               ;?         i2cRxAck(tempH); // HDC_REG_TEMP_H
01a7 ---- 7000                                 ld          R7, #0x0000
01a8 ---- 68ca                                 ld          R6, [#i2cTempAndHumiditySensor/state/i2cStatus]
01a9 ---- 1695                                 jsr         I2cRxByte
01aa ---- 6cca                                 st          R6, [#i2cTempAndHumiditySensor/state/i2cStatus]
01ab ---- ad47                                 ld          R2, R7
               ;?         i2cRxAck(humL);  // HDC_REG_HUM_L
01ac ---- 7000                                 ld          R7, #0x0000
01ad ---- 68ca                                 ld          R6, [#i2cTempAndHumiditySensor/state/i2cStatus]
01ae ---- 1695                                 jsr         I2cRxByte
01af ---- 6cca                                 st          R6, [#i2cTempAndHumiditySensor/state/i2cStatus]
01b0 ---- bd47                                 ld          R3, R7
               ;?         i2cRxNack(humH); // HDC_REG_HUM_H
01b1 ---- 7001                                 ld          R7, #0x0001
01b2 ---- 68ca                                 ld          R6, [#i2cTempAndHumiditySensor/state/i2cStatus]
01b3 ---- 1695                                 jsr         I2cRxByte
01b4 ---- 6cca                                 st          R6, [#i2cTempAndHumiditySensor/state/i2cStatus]
               ;?         i2cStop();
01b5 ---- 68ca                                 ld          R6, [#i2cTempAndHumiditySensor/state/i2cStatus]
01b6 ---- 1643                                 jsr         I2cStop
01b7 ---- 6cca                                 st          R6, [#i2cTempAndHumiditySensor/state/i2cStatus]
               ;?
               ;?         // If successful ...
               ;?         if (state.i2cStatus == 0x0000) {
01b8 ---- 58ca                                 ld          R5, [#i2cTempAndHumiditySensor/state/i2cStatus]
01b9 ---- da00                                 cmp         R5, #0
01ba ---- be3f                                 bneq        /id0232
               ;?
               ;?             // Calculate the temperature (6 fractional bits)
               ;?             S16 temp = (tempH << 8) | tempL;
01bb ---- ada0                                     lsl         R2, #8
01bc ---- ad08                                     or          R2, R0
               ;?             accMul16s16u(temp, 165);
01bd ---- 00a5                                     ld          R0, #165
01be ---- ab09                                     out         R2, [#IOP_MAC_OP0S]
01bf ---- 8b0c                                     out         R0, [#IOP_MAC_OP1UMUL]
               ;?             accGet16(10; temp);
01c0 8620 a960                                     in          R2, [#(IOP_MAC_ACC_READ_BASE + (4 * 10))]
               ;?             temp -= 40 << 6;
01c2 86f6 a800                                     add         R2, #-2560
               ;?             U16 n = state.logPos;
01c4 ---- 08cb                                     ld          R0, [#i2cTempAndHumiditySensor/state/logPos]
               ;?             output.pTempLog[n] = temp;
01c5 ---- 50c8                                     ld          R5, #(i2cTempAndHumiditySensor/output/pTempLog + 0)
01c6 ---- af3d                                     st          R2, [R5+R0]
               ;?
               ;?             // Report significant temperature change?
               ;?             U16 tempChange = @(temp - output.temp);
01c7 ---- dd42                                     ld          R5, R2
01c8 ---- 68c9                                     ld          R6, [#i2cTempAndHumiditySensor/output/temp]
01c9 ---- dd1e                                     sub         R5, R6
01ca ---- dd90                                     abs         R5
               ;?             if (tempChange > cfg.tempChangeThr) {
01cb ---- 68c4                                     ld          R6, [#i2cTempAndHumiditySensor/cfg/tempChangeThr]
01cc ---- dd2e                                     cmp         R5, R6
01cd ---- 9e02                                     bleu        /id0245
               ;?                 output.temp = temp;
01ce ---- 2cc9                                         st          R2, [#i2cTempAndHumiditySensor/output/temp]
               ;?                 bvReport |= BV_REPORT_TEMP_CHANGE;
01cf ---- 9201                                         or          R1, #1
               ;?             }
               /id0245:
               ;?
               ;?             // Calculate the humidity (6 fractional bits)
               ;?             U16 hum = (humH << 8) | humL;
01d0 ---- ad47                                     ld          R2, R7
01d1 ---- ada0                                     lsl         R2, #8
01d2 ---- ad0b                                     or          R2, R3
               ;?             accMul16u16u(hum, 100);
01d3 ---- 3064                                     ld          R3, #100
01d4 ---- ab0a                                     out         R2, [#IOP_MAC_OP0U]
01d5 ---- bb0c                                     out         R3, [#IOP_MAC_OP1UMUL]
               ;?             accGet16(10; hum);
01d6 8620 a960                                     in          R2, [#(IOP_MAC_ACC_READ_BASE + (4 * 10))]
               ;?             output.pHumLog[n] = hum;
01d8 ---- 30c7                                     ld          R3, #(i2cTempAndHumiditySensor/output/pHumLog + 0)
01d9 ---- af3b                                     st          R2, [R3+R0]
               ;?
               ;?             // Report significant humidity change?
               ;?             U16 humChange = @(hum - output.hum);
01da ---- bd42                                     ld          R3, R2
01db ---- 58c6                                     ld          R5, [#i2cTempAndHumiditySensor/output/hum]
01dc ---- bd1d                                     sub         R3, R5
01dd ---- bd90                                     abs         R3
               ;?             if (humChange > cfg.humChangeThr) {
01de ---- 58c3                                     ld          R5, [#i2cTempAndHumiditySensor/cfg/humChangeThr]
01df ---- bd2d                                     cmp         R3, R5
01e0 ---- 9e02                                     bleu        /id0259
               ;?                 output.hum = hum;
01e1 ---- 2cc6                                         st          R2, [#i2cTempAndHumiditySensor/output/hum]
               ;?                 bvReport |= BV_REPORT_HUM_CHANGE;
01e2 ---- 9202                                         or          R1, #2
               ;?             }
               /id0259:
               ;?
               ;?             // Report that the temperature log is full?
               ;?             n += 1;
01e3 ---- 8801                                     add         R0, #1
               ;?             if (n == LOG_SIZE) {
01e4 ---- 8a01                                     cmp         R0, #1
01e5 ---- be02                                     bneq        /id0265
               ;?                 bvReport |= BV_REPORT_LOG_FULL;
01e6 ---- 9204                                         or          R1, #4
               ;?                 n = 0;
01e7 ---- 0000                                         ld          R0, #0
               ;?             }
               /id0265:
               ;?             state.logPos = n;
01e8 ---- 0ccb                                     st          R0, [#i2cTempAndHumiditySensor/state/logPos]
               ;?
               ;?             // Wake on interrupt every 1.0 seconds, with 1.5 second timeout
               ;?             evhSetupGpioTrigger(0, AUXIO_I_HDC_INT, 0, EVH_GPIO_TRIG_ON_MATCH);
01e9 ---- 0098                                     ld          R0, #((24 + SYSIF_PROGWUCFG_SRC_AUXIO0) |((0 == 0) << IOB_SYSIF_PROGWUCFG_POL))
01ea ---- 8b57                                     out         R0, [#((IOP_SYSIF_PROGWU1CFG + 1) + 0)]
01eb ---- 665b                                     iobset      #((IOB_SYSIF_WUFLAGS_PROG_WU1 + 1) + 0), [#IOP_SYSIF_WUFLAGSCLR]
01ec ---- 465b                                     iobclr      #((IOB_SYSIF_WUFLAGS_PROG_WU1 + 1) + 0), [#IOP_SYSIF_WUFLAGSCLR]
01ed ---- 7657                                     iobset      #IOB_SYSIF_PROGWUCFG_EN, [#((IOP_SYSIF_PROGWU1CFG + 1) + 0)]
               ;?             evhSetupTimer0Trigger(1, 7500, 2);
01ee 861d 014c                                     ld          R0, #7500
01f0 ---- 8b81                                     out         R0, [#IOP_TIMER01_T0TARGET]
01f1 8623 0322                                     ld          R0, #(((2 << IOB_TIMER01_TXCFG_PRE) | TIMER01_TXCFG_TICK_SRC_AON_RTC_4KHZ) | BV_TIMER01_TXCFG_MODE_TICK)
01f3 ---- 8b7d                                     out         R0, [#IOP_TIMER01_T0CFG]
01f4 ---- 0036                                     ld          R0, #SYSIF_PROGWUCFG_SRC_AUX_TIMER0_EV
01f5 ---- 8b58                                     out         R0, [#((IOP_SYSIF_PROGWU1CFG + 1) + 1)]
01f6 ---- 675b                                     iobset      #((IOB_SYSIF_WUFLAGS_PROG_WU1 + 1) + 1), [#IOP_SYSIF_WUFLAGSCLR]
01f7 ---- 475b                                     iobclr      #((IOB_SYSIF_WUFLAGS_PROG_WU1 + 1) + 1), [#IOP_SYSIF_WUFLAGSCLR]
01f8 ---- 7658                                     iobset      #IOB_SYSIF_PROGWUCFG_EN, [#((IOP_SYSIF_PROGWU1CFG + 1) + 1)]
01f9 ---- 647f                                     iobset      #0, [#IOP_TIMER01_T0CTL]
               ;?         }
               /id0232:
               ;?     }
               /id0210:
               ;?
               ;?     // If an I2C error occurred ...
               ;?     if (state.i2cStatus != 0x0000) {
01fa ---- 08ca                             ld          R0, [#i2cTempAndHumiditySensor/state/i2cStatus]
01fb ---- 8a00                             cmp         R0, #0
01fc ---- b606                             beq         /id0273
               ;?
               ;?         // We're using a mix of low-level and high-level I2C procedures in this example, so
               ;?         // clear errors in case the Termination Code runs next
               ;?         state.i2cStatus = 0x0000;
01fd ---- 0000                                 ld          R0, #0
01fe ---- 0cca                                 st          R0, [#i2cTempAndHumiditySensor/state/i2cStatus]
               ;?
               ;?         // Report the error and cancel the timeout trigger
               ;?         bvReport |= BV_REPORT_I2C_ERROR;
01ff ---- 9210                                 or          R1, #16
               ;?         evhCancelTrigger(1);
0200 ---- 5658                                 iobclr      #IOB_SYSIF_PROGWUCFG_EN, [#((IOP_SYSIF_PROGWU1CFG + 1) + 1)]
0201 ---- 675b                                 iobset      #((IOB_SYSIF_WUFLAGS_PROG_WU1 + 1) + 1), [#IOP_SYSIF_WUFLAGSCLR]
0202 ---- 475b                                 iobclr      #((IOB_SYSIF_WUFLAGS_PROG_WU1 + 1) + 1), [#IOP_SYSIF_WUFLAGSCLR]
               ;?     }
               /id0273:
               ;?
               ;? // Otherwise ...
               ;? } else {
0203 ---- 0608                         jmp         /id0199
               /id0197:
               ;?
               ;?     // Report timeout and cancel the interrupt GPIO trigger
               ;?     bvReport |= BV_REPORT_INT_TIMEOUT;
0204 ---- 9208                             or          R1, #8
               ;?     evhCancelTrigger(0);
0205 ---- 5657                             iobclr      #IOB_SYSIF_PROGWUCFG_EN, [#((IOP_SYSIF_PROGWU1CFG + 1) + 0)]
0206 ---- 665b                             iobset      #((IOB_SYSIF_WUFLAGS_PROG_WU1 + 1) + 0), [#IOP_SYSIF_WUFLAGSCLR]
0207 ---- 465b                             iobclr      #((IOB_SYSIF_WUFLAGS_PROG_WU1 + 1) + 0), [#IOP_SYSIF_WUFLAGSCLR]
               ;? }
               /id0199:
               ;?
               ;? // Alert the application if there is anything to report
               ;? output.bvReport = bvReport;
0208 ---- 1cc5                         st          R1, [#i2cTempAndHumiditySensor/output/bvReport]
               ;? if (bvReport != 0) {
0209 ---- 9a00                         cmp         R1, #0
020a ---- b603                         beq         /id0279
               ;?     fwGenAlertInterrupt();
020b ---- 08b4                             ld          R0, [#fwCtrlInt/bvTaskIoAlert]
020c ---- 8202                             or          R0, #(1 << 1)
020d ---- 0cb4                             st          R0, [#fwCtrlInt/bvTaskIoAlert]
               ;? }
               /id0279:
               ;?
               ;? // Run-time logging
               ;? rtlLogStructs(BV_RTL_LOG_OUTPUT);
020e ---- 0004                         ld          R0, #4
020f ---- 18b1                         ld          R1, [#(pRtlTaskLogMaskTable + 1)]
0210 ---- 8d01                         and         R0, R1
0211 ---- 0caf                         st          R0, [#(pRtlTaskLogReqTable + 1)]
               i2cTempAndHumiditySensor/event0Done:
0212 ---- adb7                         rts




               i2cTempAndHumiditySensor/terminate:
                                       ; Start in low_power mode
0213 ---- 14a0                         jsr         PwrRequestAndWaitForLowPowerMode

               ;? // Perform soft reset
               ;? i2cDeviceWriteReg8(HDC_I2C_ADDR, HDC_REG_CFG_RES_INT_AMM, BV_HDC_CFG_RES_SOFT_RESET);
0214 ---- 500e                         ld          R5, #14
0215 ---- 4080                         ld          R4, #128
0216 ---- 68ca                         ld          R6, [#i2cTempAndHumiditySensor/state/i2cStatus]
0217 8602 721c                         ld          R7, #/id0284
0219 ---- 7e28                         st          R7, [#i2cDeviceCommonReturn]
021a ---- 7082                         ld          R7, #(130 | 0)
021b ---- 06b4                         jmp         I2cDeviceWriteReg8
               /id0284:
021c ---- 0a25                         ld          R0, [#i2cDeviceCommonBackupR0]
021d ---- 6cca                         st          R6, [#i2cTempAndHumiditySensor/state/i2cStatus]
               ;?
               ;? // Cancel the potentially active event triggers
               ;? evhCancelTrigger(0);
021e ---- 5657                         iobclr      #IOB_SYSIF_PROGWUCFG_EN, [#((IOP_SYSIF_PROGWU1CFG + 1) + 0)]
021f ---- 665b                         iobset      #((IOB_SYSIF_WUFLAGS_PROG_WU1 + 1) + 0), [#IOP_SYSIF_WUFLAGSCLR]
0220 ---- 465b                         iobclr      #((IOB_SYSIF_WUFLAGS_PROG_WU1 + 1) + 0), [#IOP_SYSIF_WUFLAGSCLR]
               ;? evhCancelTrigger(1);
0221 ---- 5658                         iobclr      #IOB_SYSIF_PROGWUCFG_EN, [#((IOP_SYSIF_PROGWU1CFG + 1) + 1)]
0222 ---- 675b                         iobset      #((IOB_SYSIF_WUFLAGS_PROG_WU1 + 1) + 1), [#IOP_SYSIF_WUFLAGSCLR]
0223 ---- 475b                         iobclr      #((IOB_SYSIF_WUFLAGS_PROG_WU1 + 1) + 1), [#IOP_SYSIF_WUFLAGSCLR]
               i2cTempAndHumiditySensor/terminateDone:
0224 ---- adb7                         rts
               .segment end "Task: I2C Temp and Humidity Sensor"


               .segment begin "Procedure Library"
               ; Register backup
               i2cDeviceCommonBackupR0:
0225 ---- 0000                         dw          #0x0000
               i2cDeviceCommonBackupR5:
0226 ---- 0000                         dw          #0x0000
               i2cDeviceCommonBackupR7:
0227 ---- 0000                         dw          #0x0000

               ; Return address i2cDeviceXyz() procedures
               i2cDeviceCommonReturn:
0228 ---- 0000                         dw          #0x0000




               ; PARAMETERS:
               ;     R7 = I2C address
               ;     R6 = Status flags
               ;     R5 = Register address
               ;     R4 = Register value
               ;
               ; RETURN VALUES:
               ;     R6 = Updated status flags
               ;
               ; CLOBBERS:
               ;     R5, R7
               ;     R0 must be restored from i2cDeviceCommonBackupR0 after return
               I2cDeviceWriteReg16MsbFirst:
                                       ; Backup R0 (return) and R5 (register address)
0229 ---- 0e25                         st          R0, [#i2cDeviceCommonBackupR0]
022a ---- 5e26                         st          R5, [#i2cDeviceCommonBackupR5]

                                       ; Start condition
022b ---- 163e                         jsr         I2cStart

                                       ; Transmit the I2C address
022c ---- 164e                         jsr         I2cTxByte

                                       ; Transmit the register address
022d ---- 7a26                         ld          R7, [#i2cDeviceCommonBackupR5]
022e ---- 164e                         jsr         I2cTxByte

                                       ; Transmit MSB of the register value
022f ---- fd44                         ld          R7, R4
0230 ---- fda8                         lsr         R7, #8
0231 ---- 164e                         jsr         I2cTxByte

                                       ; Transmit LSB of the register value
0232 ---- fd44                         ld          R7, R4
0233 ---- f0ff                         and         R7, #0xFF
0234 ---- 164e                         jsr         I2cTxByte

                                       ; Load the return address here to avoid pipeline hazard with "jmp R0"
0235 ---- 0a28                         ld          R0, [#i2cDeviceCommonReturn]

                                       ; Stop condition
0236 ---- 1643                         jsr         I2cStop

                                       ; Done
0237 ---- 8db7                         jmp         R0




               ; CLOBBERS:
               ;     R5
               I2cRepeatedStart:
                                       ; Wait T_LOW (SDA is already pull-up)
0238 ---- 53f4                         ld          R5, #-((I2C_BASE_DELAY + I2C_EXT_DELAY) - (1))
0239 ---- 166c                         jsr         I2cWaitDelay

                                       ; SCL = pull-up
023a ---- 76bb                         iobset      #(AUXIO_I2C_SCL & 0x7), [#(IOP_AIODIO0_GPIODOUT + (AUXIO_I2C_SCL >> 3))]

                                       ; Wait for SCL stretching to end or time out
023b ---- 166f                         jsr         I2cWaitSclStretch

                                       ; Wait T_SU_STA
023c ---- 53f4                         ld          R5, #-((I2C_BASE_DELAY + I2C_EXT_DELAY) - (1))
023d ---- 166c                         jsr         I2cWaitDelay
               I2cStart:
                                       ; SDA = driven low
023e ---- 55bb                         iobclr      #(AUXIO_I2C_SDA & 0x7), [#(IOP_AIODIO0_GPIODOUT + (AUXIO_I2C_SDA >> 3))]

                                       ; Wait T_HD_STA
023f ---- 53f8                         ld          R5, #-((I2C_BASE_DELAY) - (1))
0240 ---- 166c                         jsr         I2cWaitDelay

                                       ; SCL = driven low
0241 ---- 56bb                         iobclr      #(AUXIO_I2C_SCL & 0x7), [#(IOP_AIODIO0_GPIODOUT + (AUXIO_I2C_SCL >> 3))]

                                       ; Done
0242 ---- adb7                         rts




               ; CLOBBERS:
               ;     R5
               I2cStop:
                                       ; SDA = driven low
0243 ---- 55bb                         iobclr      #(AUXIO_I2C_SDA & 0x7), [#(IOP_AIODIO0_GPIODOUT + (AUXIO_I2C_SDA >> 3))]

                                       ; Wait T_LOW
0244 ---- 53f4                         ld          R5, #-((I2C_BASE_DELAY + I2C_EXT_DELAY) - (1))
0245 ---- 166c                         jsr         I2cWaitDelay

                                       ; SCL = pull-up
0246 ---- 76bb                         iobset      #(AUXIO_I2C_SCL & 0x7), [#(IOP_AIODIO0_GPIODOUT + (AUXIO_I2C_SCL >> 3))]

                                       ; Wait for SCL stretching to end or time out
0247 ---- 166f                         jsr         I2cWaitSclStretch

                                       ; Wait T_SU_STO
0248 ---- 53fd                         ld          R5, #-((I2C_BASE_DELAY) - (I2C_WAIT_STRETCH_DELAY + 1))
0249 ---- 166c                         jsr         I2cWaitDelay

                                       ; SDA = pull-up
024a ---- 75bb                         iobset      #(AUXIO_I2C_SDA & 0x7), [#(IOP_AIODIO0_GPIODOUT + (AUXIO_I2C_SDA >> 3))]

                                       ; Wait T_BUF
024b ---- 53f5                         ld          R5, #-((I2C_BASE_DELAY + I2C_EXT_DELAY) - (2))
024c ---- 166c                         jsr         I2cWaitDelay

                                       ; Done
024d ---- adb7                         rts




               ; PARAMETERS:
               ;     R7 = TX byte shift register
               ;     R6 = Status flags
               ;
               ; RETURN VALUES:
               ;     R7 = Updated TX byte shift register
               ;     R6 = Updated status flags
               ;
               ; CLOBBERS:
               ;     R5
               I2cTxByte:
                                       ; Bail out if an error has occurred
024e ---- ea00                         cmp         R6, #0
024f ---- be1b                         bnz         /done


                                       ; Transmit each bit in the data byte ...
0250 ---- b50e                         loop        #8, /byteLoopEnd

                                           ; Output the bit to SDA
0251 ---- fda1                             lsl         R7, #1
0252 8601 fc00                             tst         R7, #0x0100
0254 ---- b602                             bz          /dataSdaLow
0255 ---- 75bb /dataSdaHigh:                   iobset      #(AUXIO_I2C_SDA & 0x7), [#(IOP_AIODIO0_GPIODOUT + (AUXIO_I2C_SDA >> 3))]
0256 ---- 8e02                             bra         /dataSdaDone
0257 ---- 55bb /dataSdaLow:                    iobclr      #(AUXIO_I2C_SDA & 0x7), [#(IOP_AIODIO0_GPIODOUT + (AUXIO_I2C_SDA >> 3))]
0258 ---- fd47                             nop
               /dataSdaDone:
                                           ; Wait T_LOW
0259 ---- 53fa                             ld          R5, #-((I2C_BASE_DELAY + I2C_EXT_DELAY) - (7))
025a ---- 166c                             jsr         I2cWaitDelay

                                           ; SCL = pull-up
025b ---- 76bb                             iobset      #(AUXIO_I2C_SCL & 0x7), [#(IOP_AIODIO0_GPIODOUT + (AUXIO_I2C_SCL >> 3))]

                                           ; Wait for SCL stretching to end or time out
025c ---- 166f                             jsr         I2cWaitSclStretch

                                           ; Wait T_HIGH
025d ---- 53fd                             ld          R5, #-(I2C_BASE_DELAY - (I2C_WAIT_STRETCH_DELAY + 1))
025e ---- 166c                             jsr         I2cWaitDelay

                                           ; SCL = driven low
025f ---- 56bb                             iobclr      #(AUXIO_I2C_SCL & 0x7), [#(IOP_AIODIO0_GPIODOUT + (AUXIO_I2C_SCL >> 3))]
               /byteLoopEnd:

                                       ; Receive the ACK bit
                                       ; SDA = pull-up
0260 ---- 75bb                         iobset      #(AUXIO_I2C_SDA & 0x7), [#(IOP_AIODIO0_GPIODOUT + (AUXIO_I2C_SDA >> 3))]

                                       ; Wait T_LOW
0261 ---- 53f4                         ld          R5, #-((I2C_BASE_DELAY + I2C_EXT_DELAY) - (1))
0262 ---- 166c                         jsr         I2cWaitDelay

                                       ; SCL = pull-up
0263 ---- 76bb                         iobset      #(AUXIO_I2C_SCL & 0x7), [#(IOP_AIODIO0_GPIODOUT + (AUXIO_I2C_SCL >> 3))]

                                       ; Wait for SCL stretching to end or time out
0264 ---- 166f                         jsr         I2cWaitSclStretch

                                       ; Wait T_HIGH
0265 ---- 53fa                         ld          R5, #-((I2C_BASE_DELAY) - (3))
0266 ---- 166c                         jsr         I2cWaitDelay

                                       ; Read and store the SDA value in the status word
0267 ---- 35bf                         iobtst      #(AUXIO_I2C_SDA & 0x7), [#(IOP_AIODIO0_GPIODIN + (AUXIO_I2C_SDA >> 3))]
0268 ---- a601                         biob0       /ackSdaLow
0269 ---- e201                             or          R6, #0x01
               /ackSdaLow:
                                       ; SCL = driven low
026a ---- 56bb                         iobclr      #(AUXIO_I2C_SCL & 0x7), [#(IOP_AIODIO0_GPIODOUT + (AUXIO_I2C_SCL >> 3))]


               /done:                  ; Done
026b ---- adb7                         rts




               ; PARAMETERS
               ;     R5 = Delay excluding the I2cWaitDelay() call, in instruction cycles
               ;
               ; CLOBBERS:
               ;     R5
               I2cWaitDelay:
                                       ; Wait for the specified number of cycles
026c ---- d802 /waitLoop:                  add         R5, #2
026d ---- defe                         bneg        /waitLoop

                                       ; Done
026e ---- adb7                         rts




               ; PARAMETERS:
               ;     R6 = Status flags
               ;
               ; RETURN VALUES:
               ;     R6 = Updated status flags
               ;
               ; CLOBBERS:
               ;     R5
               I2cWaitSclStretch:
                                       ; Load the timeout (up to 20 ms) loop counter = configured number of us
026f ---- 53f6                         ld          R5, #(-I2C_STRETCH_TIMEOUT_US)
               /waitLoop:
                                           ; If SCL is high, we're done
0270 ---- 36bf                             iobtst      #(AUXIO_I2C_SCL & 0x7), [#(IOP_AIODIO0_GPIODIN + (AUXIO_I2C_SCL >> 3))]
0271 ---- ae0b                             biob1       /done
                                           ; Unroll the loop to 12 instructions = 1 per loop for faster response
0272 ---- 36bf                             iobtst      #(AUXIO_I2C_SCL & 0x7), [#(IOP_AIODIO0_GPIODIN + (AUXIO_I2C_SCL >> 3))]
0273 ---- ae09                             biob1       /done
0274 ---- 36bf                             iobtst      #(AUXIO_I2C_SCL & 0x7), [#(IOP_AIODIO0_GPIODIN + (AUXIO_I2C_SCL >> 3))]
0275 ---- ae07                             biob1       /done
0276 ---- 36bf                             iobtst      #(AUXIO_I2C_SCL & 0x7), [#(IOP_AIODIO0_GPIODIN + (AUXIO_I2C_SCL >> 3))]
0277 ---- ae05                             biob1       /done
0278 ---- 36bf                             iobtst      #(AUXIO_I2C_SCL & 0x7), [#(IOP_AIODIO0_GPIODIN + (AUXIO_I2C_SCL >> 3))]
0279 ---- ae03                             biob1       /done

027a ---- d801                         add         R5, #1;
027b ---- bef4                         bnz         /waitLoop

               /timeout:               ; Timeout has occurred, so OR it into the flags and bail out
027c ---- e202                         or          R6, #0x0002

               /done:                  ; Done
027d ---- adb7                         rts




               ; PARAMETERS:
               ;     R7 = I2C address
               ;     R6 = Status flags
               ;     R5 = Register address
               ;
               ; RETURN VALUES:
               ;     R7 = Register value
               ;     R6 = Updated status flags
               ;
               ; CLOBBERS:
               ;     R5, R7
               ;     R0 must be restored from i2cDeviceCommonBackupR0 after return
               I2cDeviceReadReg16MsbFirst:
                                       ; Backup R0 (return), R5 (register address) and R7 (I2C address)
027e ---- 0e25                         st          R0, [#i2cDeviceCommonBackupR0]
027f ---- 5e26                         st          R5, [#i2cDeviceCommonBackupR5]
0280 ---- 7e27                         st          R7, [#i2cDeviceCommonBackupR7]

                                       ; Start condition
0281 ---- 163e                         jsr         I2cStart

                                       ; Transmit the I2C address
0282 ---- 164e                         jsr         I2cTxByte

                                       ; Transmit the register address
0283 ---- 7a26                         ld          R7, [#i2cDeviceCommonBackupR5]
0284 ---- 164e                         jsr         I2cTxByte

                                       ; If no error is indicated ...
0285 ---- ea00                         cmp         R6, #0x0000
0286 ---- be0b                         bneq        /skipRx

                                           ; Repeated start condition
0287 ---- 1638                             jsr         I2cRepeatedStart

                                           ; Transmit the I2C address + R
0288 ---- 7a27                             ld          R7, [#i2cDeviceCommonBackupR7]
0289 ---- f201                             or          R7, #0x0001
028a ---- 164e                             jsr         I2cTxByte

                                           ; Receive MSB of the register value (transmit ACK)
028b ---- 7000                             ld          R7, #0x0000
028c ---- 1695                             jsr         I2cRxByte
028d ---- 8d47                             ld          R0, R7
028e ---- 8da0                             lsl         R0, #8

                                           ; Receive the register value (transmit NAK)
028f ---- 7001                             ld          R7, #0x0001
0290 ---- 1695                             jsr         I2cRxByte
0291 ---- fd08                             or          R7, R0
               /skipRx:
                                       ; Load the return address here to avoid pipeline hazard with "jmp R0"
0292 ---- 0a28                         ld          R0, [#i2cDeviceCommonReturn]

                                       ; Stop condition
0293 ---- 1643                         jsr         I2cStop

                                       ; Done
0294 ---- 8db7                         jmp         R0




               ; PARAMETERS:
               ;     R7 = Acknowledgment bit value, 0x0000 to transmit ACK, 0x0001 to transmit NAK
               ;     R6 = Status flags
               ;
               ; RETURN VALUES:
               ;     R7 = RX byte shift register
               ;     R6 = Updated status flags
               ;
               ; CLOBBERS:
               ;     R5
               I2cRxByte:
                                       ; Bail out if an error has occurred
0295 ---- ea00                         cmp         R6, #0
0296 ---- be1c                         bnz         /done


                                       ; Receive each bit in the data byte ...
0297 ---- b50b                         loop        #8, /byteLoopEnd

                                           ; SDA = pull-up
0298 ---- 75bb                             iobset      #(AUXIO_I2C_SDA & 0x7), [#(IOP_AIODIO0_GPIODOUT + (AUXIO_I2C_SDA >> 3))]

                                           ; Wait T_LOW
0299 ---- 53f5                             ld          R5, #-((I2C_BASE_DELAY + I2C_EXT_DELAY) - (2))
029a ---- 166c                             jsr         I2cWaitDelay

                                           ; SCL = pull-up
029b ---- 76bb                             iobset      #(AUXIO_I2C_SCL & 0x7), [#(IOP_AIODIO0_GPIODOUT + (AUXIO_I2C_SCL >> 3))]

                                           ; Wait for SCL stretching to end or time out
029c ---- 166f                             jsr         I2cWaitSclStretch

                                           ; Wait T_HIGH
029d ---- 53ff                             ld          R5, #-((I2C_BASE_DELAY) - (I2C_WAIT_STRETCH_DELAY + 3))
029e ---- 166c                             jsr         I2cWaitDelay

                                           ; Read and store SDA
029f ---- fda1                             lsl         R7, #1
02a0 ---- 35bf                             iobtst      #(AUXIO_I2C_SDA & 0x7), [#(IOP_AIODIO0_GPIODIN + (AUXIO_I2C_SDA >> 3))]
02a1 ---- a601                             biob0       /dataSdaLow
02a2 ---- f201                                 or          R7, #0x01
               /dataSdaLow:
                                           ; SCL = driven low
02a3 ---- 56bb                             iobclr      #(AUXIO_I2C_SCL & 0x7), [#(IOP_AIODIO0_GPIODOUT + (AUXIO_I2C_SCL >> 3))]
               /byteLoopEnd:

                                       ; Transmit the ACK bit, which is now in bit 8 of the shift register
                                       ; Output the bit to SDA
02a4 8601 fc00                         tst         R7, #0x0100
02a6 ---- b602                         bz          /ackSdaLow
02a7 ---- 75bb /ackSdaHigh:                iobset      #(AUXIO_I2C_SDA & 0x7), [#(IOP_AIODIO0_GPIODOUT + (AUXIO_I2C_SDA >> 3))]
02a8 ---- 8e02                         bra         /ackSdaDone
02a9 ---- 55bb /ackSdaLow:                 iobclr      #(AUXIO_I2C_SDA & 0x7), [#(IOP_AIODIO0_GPIODOUT + (AUXIO_I2C_SDA >> 3))]
02aa ---- fd47                         nop
               /ackSdaDone:
                                       ; Wait T_LOW
02ab ---- 53f9                         ld          R5, #-((I2C_BASE_DELAY + I2C_EXT_DELAY) - (6))
02ac ---- 166c                         jsr         I2cWaitDelay

                                       ; SCL = pull-up
02ad ---- 76bb                         iobset      #(AUXIO_I2C_SCL & 0x7), [#(IOP_AIODIO0_GPIODOUT + (AUXIO_I2C_SCL >> 3))]

                                       ; Wait for SCL stretching to end or time out
02ae ---- 166f                         jsr         I2cWaitSclStretch

                                       ; Wait T_HIGH
02af ---- 53fd                         ld          R5, #-((I2C_BASE_DELAY) - (I2C_WAIT_STRETCH_DELAY + 1))
02b0 ---- 166c                         jsr         I2cWaitDelay

                                       ; SCL = driven low
02b1 ---- 56bb                         iobclr      #(AUXIO_I2C_SCL & 0x7), [#(IOP_AIODIO0_GPIODOUT + (AUXIO_I2C_SCL >> 3))]

                                       ; Mask the ACK bit in the received data
02b2 ---- f0ff                         and         R7, #0xFF


               /done:                  ; Done
02b3 ---- adb7                         rts




               ; PARAMETERS:
               ;     R7 = I2C address
               ;     R6 = Status flags
               ;     R5 = Register address
               ;     R4 = Register value
               ;
               ; RETURN VALUES:
               ;     R6 = Updated status flags
               ;
               ; CLOBBERS:
               ;     R5, R7
               ;     R0 must be restored from i2cDeviceCommonBackupR0 after return
               I2cDeviceWriteReg8:
                                       ; Backup R0 (return) and R5 (register address)
02b4 ---- 0e25                         st          R0, [#i2cDeviceCommonBackupR0]
02b5 ---- 5e26                         st          R5, [#i2cDeviceCommonBackupR5]

                                       ; Start condition
02b6 ---- 163e                         jsr         I2cStart

                                       ; Transmit the I2C address
02b7 ---- 164e                         jsr         I2cTxByte

                                       ; Transmit the register address
02b8 ---- 7a26                         ld          R7, [#i2cDeviceCommonBackupR5]
02b9 ---- 164e                         jsr         I2cTxByte

                                       ; Transmit the register value
02ba ---- fd44                         ld          R7, R4
02bb ---- 164e                         jsr         I2cTxByte

                                       ; Load the return address here to avoid pipeline hazard with "jmp R0"
02bc ---- 0a28                         ld          R0, [#i2cDeviceCommonReturn]

                                       ; Stop condition
02bd ---- 1643                         jsr         I2cStop

                                       ; Done
02be ---- 8db7                         jmp         R0
               .segment end "Procedure Library"


; Generated by DESKTOP-MRBABVC at 2020-09-15 17:02:52.385
